

***********************************************************************
Fatal NI connect error 12514, connecting to:
 (DESCRIPTION=(CONNECT_DATA=(SERVICE_NAME=ORA07)(CID=(PROGRAM=G:\18FEYRAUD\E4ClientLourd-master\V4\WindowsApplication5\bin\Debug\WindowsApplication5.vshost.exe)(HOST=D22-P07)(USER=18feyraud)))(ADDRESS=(PROTOCOL=TCP)(HOST=10.0.122.107)(PORT=1521)))

  VERSION INFORMATION:
	TNS for 32-bit Windows: Version 10.2.0.5.0 - Production
	Windows NT TCP/IP NT Protocol Adapter for 32-bit Windows: Version 10.2.0.5.0 - Production
  Time: 11-SEP-2019 16:22:28
  Tracing not turned on.
  Tns error struct:
    ns main err code: 12564
    TNS-12564: Message 12564 not found; No message file for product=NETWORK, facility=TNS
    ns secondary err code: 0
    nt main err code: 0
    nt secondary err code: 0
    nt OS err code: 0


***********************************************************************
Fatal NI connect error 12514, connecting to:
 (DESCRIPTION=(CONNECT_DATA=(SERVICE_NAME=ORA07)(CID=(PROGRAM=G:\18FEYRAUD\E4ClientLourd-master\V4\WindowsApplication5\bin\Debug\WindowsApplication5.vshost.exe)(HOST=D22-P07)(USER=18feyraud)))(ADDRESS=(PROTOCOL=TCP)(HOST=10.0.122.107)(PORT=1521)))

  VERSION INFORMATION:
	TNS for 32-bit Windows: Version 10.2.0.5.0 - Production
	Windows NT TCP/IP NT Protocol Adapter for 32-bit Windows: Version 10.2.0.5.0 - Production
  Time: 11-SEP-2019 16:23:50
  Tracing not turned on.
  Tns error struct:
    ns main err code: 12564
    TNS-12564: Message 12564 not found; No message file for product=NETWORK, facility=TNS
    ns secondary err code: 0
    nt main err code: 0
    nt secondary err code: 0
    nt OS err code: 0


***********************************************************************
Fatal NI connect error 12514, connecting to:
 (DESCRIPTION=(CONNECT_DATA=(SERVICE_NAME=ora07)(CID=(PROGRAM=G:\EasyPHP17\eds-www\PREPROD_V2.0\WindowsApplication5\bin\Debug\WindowsApplication5.vshost.exe)(HOST=D22-P04)(USER=18yguellae)))(ADDRESS=(PROTOCOL=TCP)(HOST=10.0.122.107)(PORT=1521)))

  VERSION INFORMATION:
	TNS for 32-bit Windows: Version 10.2.0.5.0 - Production
	Windows NT TCP/IP NT Protocol Adapter for 32-bit Windows: Version 10.2.0.5.0 - Production
  Time: 22-NOV-2019 08:12:12
  Tracing not turned on.
  Tns error struct:
    ns main err code: 12564
    TNS-12564: Message 12564 not found; No message file for product=NETWORK, facility=TNS
    ns secondary err code: 0
    nt main err code: 0
    nt secondary err code: 0
    nt OS err code: 0


***********************************************************************
Fatal NI connect error 12514, connecting to:
 (DESCRIPTION=(CONNECT_DATA=(SERVICE_NAME=ora07)(CID=(PROGRAM=G:\EasyPHP17\eds-www\PREPROD_V2.0\WindowsApplication5\bin\Debug\WindowsApplication5.vshost.exe)(HOST=D22-P04)(USER=18yguellae)))(ADDRESS=(PROTOCOL=TCP)(HOST=10.0.122.107)(PORT=1521)))

  VERSION INFORMATION:
	TNS for 32-bit Windows: Version 10.2.0.5.0 - Production
	Windows NT TCP/IP NT Protocol Adapter for 32-bit Windows: Version 10.2.0.5.0 - Production
  Time: 22-NOV-2019 08:12:35
  Tracing not turned on.
  Tns error struct:
    ns main err code: 12564
    TNS-12564: Message 12564 not found; No message file for product=NETWORK, facility=TNS
    ns secondary err code: 0
    nt main err code: 0
    nt secondary err code: 0
    nt OS err code: 0
